<?xml version="1.0" encoding="UTF-8"?>
<!-- Generated by org.testng.reporters.JUnitXMLReporter -->
<testsuite ignored="0" hostname="DESKTOP-BNPQQE4" failures="0" tests="4" name="Default test" time="0.142" errors="0" timestamp="2023-08-08T19:21:20 IST">
  <testcase classname="testngtrickyQuestions.Priorities" name="c" time="0.018"/>
  <testcase classname="testngtrickyQuestions.Priorities" name="a" time="0.006"/>
  <testcase classname="testngtrickyQuestions.Priorities" name="d" time="0.004"/>
  <testcase classname="testngtrickyQuestions.Priorities" name="b" time="0.004"/>
</testsuite> <!-- Default test -->
