<?xml version="1.0" encoding="UTF-8"?>
<testng-results ignored="0" total="4" passed="4" failed="0" skipped="0">
  <reporter-output>
  </reporter-output>
  <suite started-at="2023-08-08T19:21:20 IST" name="Default suite" finished-at="2023-08-08T19:21:20 IST" duration-ms="142">
    <groups>
    </groups>
    <test started-at="2023-08-08T19:21:20 IST" name="Default test" finished-at="2023-08-08T19:21:20 IST" duration-ms="142">
      <class name="testngtrickyQuestions.Priorities">
        <test-method signature="c()[pri:-1, instance:testngtrickyQuestions.Priorities@593aaf41]" started-at="2023-08-08T19:21:20 IST" name="c" finished-at="2023-08-08T19:21:20 IST" duration-ms="18" status="PASS">
          <reporter-output>
          </reporter-output>
        </test-method> <!-- c -->
        <test-method signature="a()[pri:0, instance:testngtrickyQuestions.Priorities@593aaf41]" started-at="2023-08-08T19:21:20 IST" name="a" finished-at="2023-08-08T19:21:20 IST" duration-ms="6" status="PASS">
          <reporter-output>
          </reporter-output>
        </test-method> <!-- a -->
        <test-method signature="d()[pri:0, instance:testngtrickyQuestions.Priorities@593aaf41]" started-at="2023-08-08T19:21:20 IST" name="d" finished-at="2023-08-08T19:21:20 IST" duration-ms="4" status="PASS">
          <reporter-output>
          </reporter-output>
        </test-method> <!-- d -->
        <test-method signature="b()[pri:1, instance:testngtrickyQuestions.Priorities@593aaf41]" started-at="2023-08-08T19:21:20 IST" name="b" finished-at="2023-08-08T19:21:20 IST" duration-ms="4" status="PASS">
          <reporter-output>
          </reporter-output>
        </test-method> <!-- b -->
      </class> <!-- testngtrickyQuestions.Priorities -->
    </test> <!-- Default test -->
  </suite> <!-- Default suite -->
</testng-results>
